run_id,run_duration_ms,runner_hours
24877671087,30000,0.1
24877615545,83000,0.2
24877615399,77000,0.2
24877615196,123000,0.3
24877615166,157000,0.3
24877577123,30000,0.1
24877558655,22000,0.0
24877558490,57000,0.1
24877558100,134000,0.3
24877557984,174000,0.4
24875253068,8000,0.0
24875247345,9000,0.0
24875247349,40000,0.1
24875247351,131000,0.3
24874828145,10000,0.0
24874820096,13000,0.0
24874820094,48000,0.1
24874820102,134000,0.3
24874820095,153000,0.3
24870192803,160000,0.3
24877709577,79000,0.2
24877709668,124000,0.3
24877469063,10000,0.0
24877449131,33000,0.1
24877449125,115000,0.2
24877449074,80000,0.2
24877449219,578000,1.2
24871649088,10000,0.0
24871644255,49000,0.1
24871644260,9000,0.0
24871644257,106000,0.2
date=2026-04-24
hours=8
total_job_hours=0.8
total_runner_hours=6
fulltime_runners=0
